2021-04-19 22:16:45,857 | INFO | testloader | instructions | sDGxiWT83pO7aESjZqaKjbU8vbrbwCuppi9PLXswHJ2MH7jT5InTdhQ2ADiRAZw8
2021-04-19 22:17:35,661 | INFO | testloader | instructions | sDGxiWT83pO7aESjZqaKjbU8vbrbwCuppi9PLXswHJ2MH7jT5InTdhQ2ADiRAZw8
2021-04-19 22:19:41,432 | INFO | testloader | instructions | 7VAqEZCYzaUuBF0oalvb7L7wWg6CBvRX2aLziCAJSeHilv5l1y3BGKyWX5vSH8r9
2021-04-19 22:20:24,482 | INFO | testloader | instructions | HgiPtIrzBdn4L2GKE3q2X1tpCINRNlBLElpbc6CqYGNV6jdbKJQf2I8Z2LKFuf9m
2021-04-19 22:21:14,505 | INFO | testloader | instructions | YDFRH1aVlGFgTJQ47LYMB2zl90ul3RjcEMQU98yJk2CSrbb8s3bASSru5nVnOKZ5
2021-04-19 22:22:32,880 | INFO | testloader | instructions | TPYc6xBdJ3dEUvtrhv5FiZzMB68jBlbEqvH1dCYXedXihyDpN1hnAj8ODhbVVHht
2021-04-19 22:59:48,148 | INFO | testloader | instructions | DeKDmI0j3vBjbFcUBl34jKBTaTHP7BQHSfoHynObvKt4GgOfJkswt8byCMRNP2NP
2021-04-19 23:05:10,223 | INFO | testloader | instructions | C7qDh0wgqzmO5v9EJy6N3KfU0GXVy0eaHFkt0G6mxTHcOOiTK3ECsrGBAjwdLoDH
2021-04-19 23:06:06,450 | INFO | testloader | payload-1 | C7qDh0wgqzmO5v9EJy6N3KfU0GXVy0eaHFkt0G6mxTHcOOiTK3ECsrGBAjwdLoDH
2021-04-19 23:06:11,978 | INFO | testloader | payload-2 | C7qDh0wgqzmO5v9EJy6N3KfU0GXVy0eaHFkt0G6mxTHcOOiTK3ECsrGBAjwdLoDH
2021-04-19 23:06:22,897 | INFO | testloader | payload-3 | C7qDh0wgqzmO5v9EJy6N3KfU0GXVy0eaHFkt0G6mxTHcOOiTK3ECsrGBAjwdLoDH
2021-04-19 23:06:51,833 | INFO | testloader | instructions | C7qDh0wgqzmO5v9EJy6N3KfU0GXVy0eaHFkt0G6mxTHcOOiTK3ECsrGBAjwdLoDH
2021-04-19 23:07:05,291 | INFO | testloader | payload-4 | C7qDh0wgqzmO5v9EJy6N3KfU0GXVy0eaHFkt0G6mxTHcOOiTK3ECsrGBAjwdLoDH
2021-04-19 23:07:10,102 | INFO | testloader | payload-5 | C7qDh0wgqzmO5v9EJy6N3KfU0GXVy0eaHFkt0G6mxTHcOOiTK3ECsrGBAjwdLoDH
2021-04-19 23:07:26,910 | INFO | testloader | payload-6 | C7qDh0wgqzmO5v9EJy6N3KfU0GXVy0eaHFkt0G6mxTHcOOiTK3ECsrGBAjwdLoDH
2021-04-19 23:07:48,898 | INFO | testloader | instructions | C7qDh0wgqzmO5v9EJy6N3KfU0GXVy0eaHFkt0G6mxTHcOOiTK3ECsrGBAjwdLoDH
2021-04-19 23:08:07,741 | INFO | testloader | killFile | C7qDh0wgqzmO5v9EJy6N3KfU0GXVy0eaHFkt0G6mxTHcOOiTK3ECsrGBAjwdLoDH
2021-04-19 23:12:02,296 | INFO | testloader | instructions | 3jEhyQ3khYLM5tSzvQnLew6O8sxGaAXMvmfJ6TSA8GaKZX6FKmBkqGYWCqZZfo7s
2021-04-19 23:13:31,040 | INFO | testloader | instructions | QYQB0g2L8nmlKwCIJB7CAUiaJkFVA87Hm13JFyUDUDEkosBBvxyEUV1qoQQ7R3yd
2021-04-19 23:16:18,670 | INFO | testloader | instructions | EHLbJq90Gn6UFvC53lYUHqjtmoniN15A5IUYgErHobhxeHEjtYoNKVwyAniDMJ5m
2021-04-19 23:54:47,448 | INFO | testloader | instructions | VilWpZiiC0zHS0gaMJqJYudQDgiJc1zDH07sAc6ANWotxnoSs98DpzygcmFHDFDA
2021-04-19 23:55:52,921 | INFO | testloader | payload-1 | VilWpZiiC0zHS0gaMJqJYudQDgiJc1zDH07sAc6ANWotxnoSs98DpzygcmFHDFDA
2021-04-19 23:55:58,676 | INFO | testloader | payload-2 | VilWpZiiC0zHS0gaMJqJYudQDgiJc1zDH07sAc6ANWotxnoSs98DpzygcmFHDFDA
2021-04-19 23:56:31,476 | INFO | testloader | payload-3 | VilWpZiiC0zHS0gaMJqJYudQDgiJc1zDH07sAc6ANWotxnoSs98DpzygcmFHDFDA
2021-04-19 23:56:59,670 | INFO | testloader | instructions | VilWpZiiC0zHS0gaMJqJYudQDgiJc1zDH07sAc6ANWotxnoSs98DpzygcmFHDFDA
2021-04-19 23:58:38,204 | INFO | testloader | instructions | z1UbLDpH89bgLWvptLURfhtHoxOvHfP6BcGzbEQWtnND1WFn5axyRyqFjwgLmYDR
2021-04-19 23:58:52,033 | INFO | testloader | payload-3 | z1UbLDpH89bgLWvptLURfhtHoxOvHfP6BcGzbEQWtnND1WFn5axyRyqFjwgLmYDR
2021-04-19 23:58:59,433 | INFO | testloader | instructions | z1UbLDpH89bgLWvptLURfhtHoxOvHfP6BcGzbEQWtnND1WFn5axyRyqFjwgLmYDR
2021-04-20 00:00:00,708 | INFO | testloader | instructions | awPYVHFRm9eycbcmCxtbfE1VDrqCZQQbdX07htiHKsghzyQK3fPBB7Z4r9BTTSga
2021-04-20 00:00:04,513 | INFO | testloader | payload-3 | awPYVHFRm9eycbcmCxtbfE1VDrqCZQQbdX07htiHKsghzyQK3fPBB7Z4r9BTTSga
2021-04-20 00:00:25,593 | INFO | testloader | instructions | awPYVHFRm9eycbcmCxtbfE1VDrqCZQQbdX07htiHKsghzyQK3fPBB7Z4r9BTTSga
2021-04-20 00:03:12,692 | INFO | testloader | instructions | D7Lo00f9krHB9YzgqCJzwb8LByDfkKRTgmBC5Ug1fcunwV6B24VgDQaAQZ8wjMxA
